<?xml version="1.0" encoding="UTF-8"?>
<testsuite xmlns:xsi="http://www.w3.org/2001/XMLSchema-instance" xsi:noNamespaceSchemaLocation="https://maven.apache.org/surefire/maven-surefire-plugin/xsd/surefire-test-report-3.0.xsd" version="3.0" name="tech.noetzold.JVMParamsCompare.JvmParamsCompareApplicationTests" time="4.257" tests="1" errors="0" skipped="0" failures="0">
  <properties>
[...]
</properties>
  <testcase name="contextLoads" classname="tech.noetzold.JVMParamsCompare.JvmParamsCompareApplicationTests" time="0.375">
    <system-out><![CDATA[00:55:28.052 [main] INFO org.springframework.test.context.support.AnnotationConfigContextLoaderUtils -- Could not detect default configuration classes for test class [tech.noetzold.JVMParamsCompare.JvmParamsCompareApplicationTests]: JvmParamsCompareApplicationTests does not declare any static, non-private, non-final, nested classes annotated with @Configuration.
00:55:28.129 [main] INFO org.springframework.boot.test.context.SpringBootTestContextBootstrapper -- Found @SpringBootConfiguration tech.noetzold.JVMParamsCompare.JvmParamsCompareApplication for test class tech.noetzold.JVMParamsCompare.JvmParamsCompareApplicationTests

  .   ____          _            __ _ _
 /\\ / ___'_ __ _ _(_)_ __  __ _ \ \ \ \
( ( )\___ | '_ | '_| | '_ \/ _` | \ \ \ \
 \\/  ___)| |_)| | | | | || (_| |  ) ) ) )
  '  |____| .__|_| |_|_| |_\__, | / / / /
 =========|_|==============|___/=/_/_/_/
 :: Spring Boot ::                (v3.2.5)

2024-06-05T00:55:28.487-03:00  INFO 4048 --- [JVMParamsCompare] [           main] t.n.J.JvmParamsCompareApplicationTests   : Starting JvmParamsCompareApplicationTests using Java 17.0.7 with PID 4048 (started by Darlan in C:\Users\Usuário\Documents\Projetos\GitHub\JVMParamsCompare)
2024-06-05T00:55:28.488-03:00  INFO 4048 --- [JVMParamsCompare] [           main] t.n.J.JvmParamsCompareApplicationTests   : No active profile set, falling back to 1 default profile: "default"
2024-06-05T00:55:29.035-03:00  INFO 4048 --- [JVMParamsCompare] [           main] .s.d.r.c.RepositoryConfigurationDelegate : Bootstrapping Spring Data JPA repositories in DEFAULT mode.
2024-06-05T00:55:29.093-03:00  INFO 4048 --- [JVMParamsCompare] [           main] .s.d.r.c.RepositoryConfigurationDelegate : Finished Spring Data repository scanning in 50 ms. Found 4 JPA repository interfaces.
2024-06-05T00:55:29.527-03:00  INFO 4048 --- [JVMParamsCompare] [           main] o.hibernate.jpa.internal.util.LogHelper  : HHH000204: Processing PersistenceUnitInfo [name: default]
2024-06-05T00:55:29.581-03:00  INFO 4048 --- [JVMParamsCompare] [           main] org.hibernate.Version                    : HHH000412: Hibernate ORM core version 6.4.4.Final
2024-06-05T00:55:29.605-03:00  INFO 4048 --- [JVMParamsCompare] [           main] o.h.c.internal.RegionFactoryInitiator    : HHH000026: Second-level cache disabled
2024-06-05T00:55:29.828-03:00  INFO 4048 --- [JVMParamsCompare] [           main] o.s.o.j.p.SpringPersistenceUnitInfo      : No LoadTimeWeaver setup: ignoring JPA class transformer
2024-06-05T00:55:29.858-03:00  INFO 4048 --- [JVMParamsCompare] [           main] com.zaxxer.hikari.HikariDataSource       : HikariPool-1 - Starting...
2024-06-05T00:55:30.005-03:00  INFO 4048 --- [JVMParamsCompare] [           main] com.zaxxer.hikari.pool.HikariPool        : HikariPool-1 - Added connection org.postgresql.jdbc.PgConnection@1412682c
2024-06-05T00:55:30.007-03:00  INFO 4048 --- [JVMParamsCompare] [           main] com.zaxxer.hikari.HikariDataSource       : HikariPool-1 - Start completed.
2024-06-05T00:55:30.763-03:00  INFO 4048 --- [JVMParamsCompare] [           main] o.h.e.t.j.p.i.JtaPlatformInitiator       : HHH000489: No JTA platform available (set 'hibernate.transaction.jta.platform' to enable JTA platform integration)
2024-06-05T00:55:30.824-03:00  INFO 4048 --- [JVMParamsCompare] [           main] j.LocalContainerEntityManagerFactoryBean : Initialized JPA EntityManagerFactory for persistence unit 'default'
2024-06-05T00:55:31.291-03:00  INFO 4048 --- [JVMParamsCompare] [           main] o.s.a.r.c.CachingConnectionFactory       : Attempting to connect to: [localhost:5672]
2024-06-05T00:55:31.331-03:00  INFO 4048 --- [JVMParamsCompare] [           main] o.s.a.r.c.CachingConnectionFactory       : Created new connection: rabbitConnectionFactory#5089a72b:0/SimpleConnection@7995a589 [delegate=amqp://guest@127.0.0.1:5672/, localPort=65511]
2024-06-05T00:55:31.498-03:00  WARN 4048 --- [JVMParamsCompare] [           main] JpaBaseConfiguration$JpaWebConfiguration : spring.jpa.open-in-view is enabled by default. Therefore, database queries may be performed during view rendering. Explicitly configure spring.jpa.open-in-view to disable this warning
2024-06-05T00:55:31.784-03:00  INFO 4048 --- [JVMParamsCompare] [           main] o.s.a.r.l.DirectMessageListenerContainer : Container initialized for queues: [DATA]
2024-06-05T00:55:31.788-03:00  INFO 4048 --- [JVMParamsCompare] [           main] o.s.a.r.l.DirectMessageListenerContainer : Container initialized for queues: [DATA_INTESIVE]
2024-06-05T00:55:31.789-03:00  INFO 4048 --- [JVMParamsCompare] [           main] o.s.a.r.l.DirectMessageListenerContainer : Container initialized for queues: [HEAVY_CALCULATION]
2024-06-05T00:55:31.790-03:00  INFO 4048 --- [JVMParamsCompare] [           main] o.s.a.r.l.DirectMessageListenerContainer : Container initialized for queues: [IO_SIMULATION]
2024-06-05T00:55:31.798-03:00  INFO 4048 --- [JVMParamsCompare] [           main] t.n.J.JvmParamsCompareApplicationTests   : Started JvmParamsCompareApplicationTests in 3.531 seconds (process running for 4.298)
2024-06-05T00:55:31.798-03:00  INFO 4048 --- [JVMParamsCompare] [ntContainer#2-1] o.s.a.r.l.DirectMessageListenerContainer : SimpleConsumer [queue=HEAVY_CALCULATION, index=0, consumerTag=amq.ctag-HiDWrhm7pCAvoMzto9BPVw identity=15deae16] started
2024-06-05T00:55:31.798-03:00  INFO 4048 --- [JVMParamsCompare] [ntContainer#0-1] o.s.a.r.l.DirectMessageListenerContainer : SimpleConsumer [queue=DATA, index=0, consumerTag=amq.ctag--j_uiUs4f1Ko9HmZR6ARfQ identity=3b500705] started
2024-06-05T00:55:31.798-03:00  INFO 4048 --- [JVMParamsCompare] [ntContainer#3-1] o.s.a.r.l.DirectMessageListenerContainer : SimpleConsumer [queue=IO_SIMULATION, index=0, consumerTag=amq.ctag-Q_V8bjM4d2YCE7vbY9Tvqg identity=9527ee6] started
2024-06-05T00:55:31.798-03:00  INFO 4048 --- [JVMParamsCompare] [ntContainer#1-1] o.s.a.r.l.DirectMessageListenerContainer : SimpleConsumer [queue=DATA_INTESIVE, index=0, consumerTag=amq.ctag-k5SoH4nEEQaMOuq4n-BJsA identity=412f5e94] started
]]></system-out>
  </testcase>
</testsuite>